INFO main com.boot.basics.coding.algorithm.SortTest - [11, 22]
INFO main com.boot.basics.coding.algorithm.SortTest - ----------------
INFO main com.boot.basics.coding.algorithm.SortTest - [22, 11]
INFO main com.boot.basics.coding.algorithm.SortTest - ----------------
INFO main com.boot.basics.coding.algorithm.SortTest - [33, 66, 44, 33, 55, 99, 77, 88, 11, 22]
INFO main com.boot.basics.coding.algorithm.SortTest - ----------------
INFO main com.boot.basics.coding.algorithm.SortTest - [33, 66, 44, 33, 55, 99, 77, 88, 11, 22]
INFO main com.boot.basics.coding.algorithm.SortTest - [99, 88, 77, 66, 55, 44, 33, 33, 22, 11]
INFO main com.boot.basics.coding.algorithm.SortTest - [33, 66, 44, 33, 55, 99, 77, 88, 11, 22]
INFO main com.boot.basics.coding.algorithm.SortTest - [11, 22, 33, 33, 44, 55, 66, 77, 88, 99]
INFO main com.boot.basics.coding.algorithm.SortTest - [33, 66, 44, 33, 55, 99, 77, 88, 11, 22]
INFO main com.boot.basics.coding.algorithm.SortTest - [11, 22, 33, 33, 44, 55, 66, 77, 88, 99]
INFO main com.boot.basics.coding.algorithm.SortTest - [33, 66, 44, 33, 55, 99, 77, 88, 11, 22]
INFO main com.boot.basics.coding.algorithm.SortTest - [1608240105, 1187715285, 289855413, -82649717, -51485231, 1803040961, -1884064316, 2054295660, 2063210014, -2114358151, -1932049702, -1725306191, 1760373286, -1138539402, 774825374, 168818042, -1233123718, -2113040991, 1931132233, 404075944, -1562412506, -770167478, -914640756, 1092459256, -1231912394, -887631777, -1475115344, -431535021, -1778761348, -1508079143, -1641074945, 2076435811, 712192145, -966337415, 1336121954, -633865879, -888485352, 238496692, -1450439861, 230321997, -1825753271, 1366214635, -1178402860, -941847818, -1713192787, -88536610, -688055768, -1810319397, -412285146, -395955870, -1275090142, 231401690, -980399822, 1116273490, -203242701, -1515282104, -925550480, -545054013, 1776872840, 1611397960, -355196062, 1983660410, 1265957227, 1300119392, 2002941811, -788413534, -800557592, 466870601, -460857540, -658120007, -2101623884, -734988795, -273645310, 1096735691, 1900732746, -593856713, 1306927491, -339290909, -1965009577, 1587668910, -1456328974, 2121278909, 1375329112, -531747518, -1763248066, -188155968, 1180219008, -791170077, 967742618, -381390550, -1817588002, 94055918, -1289601223, 2146361229, -877658945, 906462658, -1147851943, 771069305, 1715283536, -729754477]
INFO main com.boot.basics.coding.algorithm.SortTest - [11, 22, 33, 33, 44, 55, 66, 77, 88, 99]
INFO main com.boot.basics.coding.algorithm.SortTest - [33, 66, 44, 33, 55, 99, 77, 88, 11, 22]
INFO main com.boot.basics.coding.algorithm.SortTest - [-1157793070, 1913984760, 1107254586, 1773446580, 254270492, -1408064384, 1048475594, 1581279777, -778209333, 1532292428, 1591762646, -1492345098, -617260113, -462612879, -1224131505, 1762380960, 1233758972, 1504499906, -359716550, 183138476, 35545786, -347474078, 1892459190, 498897016, 134578271, -1339421797, -331953347, 772426541, -162763079, 813611501, -855638999, -1351305492, 1876483345, -45636504, -795645062, 603546950, 924411021, -1420775875, -184620586, 1684007666, 928030678, 1117283474, 1697381584, -1328339271, 1283954937, 896770198, 2031737196, 1246987188, 1621012882, 713078486, -1470233886, -1764840774, 1103259943, -758265906, -985034334, -1115924717, -889477679, -4520511, -798136680, -1226358160, -655793376, -1688534068, 2132266673, -1492886497, 2100030272, -945790408, 1074420380, 522829690, -1058537897, -1916179440, 944697045, 1826233760, 2085260337, 1433369075, -1157672994, 678465127, -1403263969, 178859563, 37924559, -956040048, -1141145829, -99885571, 301529617, 1956159804, 1187760176, 424262722, 1438905958, 304693919, 2003273496, -1460692682, -1466276821, -176608781, -1414475482, -526496881, 1947317473, 1111164078, 212051046, 139007697, -1387326231, 606610678]
INFO main com.boot.basics.coding.algorithm.SortTest - [11, 22, 33, 33, 44, 55, 66, 77, 88, 99]
INFO main com.boot.basics.coding.algorithm.SortTest - [33, 66, 44, 33, 55, 99, 77, 88, 11, 22]
INFO main com.boot.basics.coding.algorithm.SortTest - [-1993208474, 454577722, -832204171, 143241377, -2066571257, 1498264744, 2115697627, 382353736, 1003234919, 1012660999, -1319638945, 1466320578, 644448751, -1397989824, -1226151721, 288645260, 603810520, 1534634857, 1767099395, -2022703008, 1302471920, 1468223285, -1241945362, -2058204983, 1186544797, -822318930, 1349212058, 1799471353, 1429966882, -728181983, 353685979, 925430234, -433444575, 616258392, 629450371, -2114895774, -126571936, -656436210, -1162224449, 2116065579, -1296935473, 1719205279, -641509952, -1402093246, -497619255, -630164225, 986137245, 1409835070, -1914897254, -694870548, -1536060297, 1116673940, 586363201, -1175110553, -65615139, -327206102, 642971766, -1821986465, 936035442, -1886453975, -255692051, -36827473, 25261517, 1578905367, -1004248612, -80841141, 457812640, 988201508, -258160965, -310658891, -1022348005, -135274301, 1962490698, 1036740276, 1650208658, 130756476, 1526220248, 1662569032, -1705298852, -684100864, 1744514497, 1151007448, 815706110, -1564417667, -1184754633, 1475051693, -480661111, 845722931, -1316334267, -64013405, -1090462400, -368913337, -1553763055, 140149021, 421815677, -1748524585, -552657567, 381986105, -545903148, 984960078]
INFO main com.boot.basics.coding.algorithm.SortTest - [11, 22, 33, 33, 44, 55, 66, 77, 88, 99]
INFO main com.boot.basics.coding.algorithm.SortTest - [33, 66, 44, 33, 55, 99, 77, 88, 11, 22]
INFO main com.boot.basics.coding.algorithm.SortTest - [5, 2, 3, 9, 9, 5, 6, 9, 8, 5, 6, 0, 2, 9, 0, 9, 3, 6, 4, 4, 8, 7, 3, 7, 6, 7, 4, 2, 4, 9, 1, 8, 4, 5, 8, 6, 7, 3, 0, 2, 9, 3, 1, 1, 2, 6, 9, 1, 4, 3, 9, 1, 2, 2, 1, 1, 0, 9, 8, 7, 4, 0, 1, 3, 5, 8, 6, 5, 0, 6, 3, 0, 9, 3, 0, 2, 6, 6, 0, 8, 9, 4, 5, 3, 7, 7, 1, 0, 0, 4, 8, 3, 7, 3, 5, 7, 5, 2, 6, 1]
INFO main com.boot.basics.coding.algorithm.SortTest - [11, 22, 33, 33, 44, 55, 66, 77, 88, 99]
INFO main com.boot.basics.coding.algorithm.SortTest - [33, 66, 44, 33, 55, 99, 77, 88, 11, 22]
INFO main com.boot.basics.coding.algorithm.SortTest - [7361, 4874, 6238, 6866, 6063, 4510, 8132, 8783, 9531, 5633, 9307, 6209, 6564, 6099, 7363, 1749, 570, 216, 9493, 3721, 5362, 5065, 3185, 4868, 2646, 6919, 1206, 6402, 2985, 108, 2313, 7119, 9624, 5072, 2392, 2687, 3468, 9973, 9033, 8296, 2588, 7087, 3228, 1342, 864, 6643, 6671, 8137, 3168, 7947, 7456, 1716, 9002, 3684, 4125, 6836, 7667, 3876, 3095, 6931, 7093, 2123, 4469, 9000, 3606, 8181, 7781, 6549, 9513, 872, 1453, 8477, 5438, 33, 9472, 1839, 2628, 6933, 9228, 2932, 6239, 6039, 4384, 49, 1797, 1285, 5530, 2489, 7842, 1807, 8958, 3811, 5899, 2454, 5123, 5939, 1583, 5324, 5880, 3143]
INFO main com.boot.basics.coding.algorithm.SortTest - [11, 22, 33, 33, 44, 55, 66, 77, 88, 99]
INFO main com.boot.basics.coding.algorithm.SortTest - [33, 66, 44, 33, 55, 99, 77, 88, 11, 22]
INFO main com.boot.basics.coding.algorithm.SortTest - [7113, 2380, 7293, 3290, 5246, 1456, 7797, 9888, 8981, 6214, 1323, 1099, 3591, 7208, 7895, 480, 9486, 9953, 5373, 9238, 2893, 6609, 9595, 8508, 9135, 2749, 6974, 3270, 2108, 5750, 4148, 902, 1672, 5396, 1117, 3475, 5510, 5710, 3355, 3833, 5339, 1737, 792, 4012, 7468, 5099, 8598, 3594, 6441, 9243, 6705, 3261, 9971, 695, 6481, 1289, 4808, 3392, 5308, 4568, 6960, 6614, 3336, 399, 5136, 8444, 190, 4845, 4699, 3928, 8522, 6880, 168, 4537, 7151, 2563, 1663, 9781, 2279, 3624, 733, 862, 4808, 9902, 88, 1361, 2979, 6959, 6748, 7307, 5237, 9257, 5907, 5207, 8736, 2039, 5523, 3848, 532, 5339]
INFO main com.boot.basics.coding.algorithm.SortTest - [11, 22, 33, 33, 44, 55, 66, 77, 88, 99]
INFO main com.boot.basics.coding.algorithm.SortTest - [33, 66, 44, 33, 55, 99, 77, 88, 11, 22]
INFO main com.boot.basics.coding.algorithm.SortTest - [11, 22, 33, 33, 44, 55, 66, 77, 88, 99]
INFO main com.boot.basics.coding.algorithm.SortTest - [33, 66, 44, 33, 55, 99, 77, 88, 11, 22]
INFO main com.boot.basics.coding.algorithm.SortTest - 4
INFO main com.boot.basics.coding.algorithm.SortTest - [11, 22, 33, 33, 44, 55, 66, 77, 88, 99]
