2020-07-24 10:51:28.561 [main] INFO  c.c.c.b.a.ApolloClientApplication [55] - [] - Starting ApolloClientApplication on BYCQ with PID 16428 (E:\workspace_idea\my\001\coding-basics\basics-apollo\build\classes\java\main started by Administrator in E:\workspace_idea\my\001\coding-basics) 
2020-07-24 10:51:28.563 [main] DEBUG c.c.c.b.a.ApolloClientApplication [56] - [] - Running with Spring Boot v2.3.1.RELEASE, Spring v5.2.7.RELEASE 
2020-07-24 10:51:28.563 [main] INFO  c.c.c.b.a.ApolloClientApplication [655] - [] - The following profiles are active: dev 
2020-07-24 10:51:28.930 [main] INFO  o.s.c.a.ConfigurationClassPostProcessor [403] - [] - Cannot enhance @Configuration bean definition 'com.ctrip.framework.apollo.spring.boot.ApolloAutoConfiguration' since its singleton instance has been created too early. The typical cause is a non-static @Bean method with a BeanDefinitionRegistryPostProcessor return type: Consider declaring such methods as 'static'. 
2020-07-24 10:51:29.021 [main] WARN  o.s.b.c.p.PropertySourcesDeducer [66] - [] - Multiple PropertySourcesPlaceholderConfigurer beans registered [propertySourcesPlaceholderConfigurer, org.springframework.context.support.PropertySourcesPlaceholderConfigurer], falling back to Environment 
2020-07-24 10:51:29.184 [main] INFO  o.s.b.w.e.tomcat.TomcatWebServer [108] - [] - Tomcat initialized with port(s): 8080 (http) 
2020-07-24 10:51:29.191 [main] INFO  o.a.coyote.http11.Http11NioProtocol [173] - [] - Initializing ProtocolHandler ["http-nio-8080"] 
2020-07-24 10:51:29.192 [main] INFO  o.a.catalina.core.StandardService [173] - [] - Starting service [Tomcat] 
2020-07-24 10:51:29.192 [main] INFO  o.a.catalina.core.StandardEngine [173] - [] - Starting Servlet engine: [Apache Tomcat/9.0.36] 
2020-07-24 10:51:29.193 [main] INFO  o.a.c.core.AprLifecycleListener [173] - [] - An older version [1.2.14] of the Apache Tomcat Native library is installed, while Tomcat recommends a minimum version of [1.2.23] 
2020-07-24 10:51:29.193 [main] INFO  o.a.c.core.AprLifecycleListener [173] - [] - Loaded Apache Tomcat Native library [1.2.14] using APR version [1.6.2]. 
2020-07-24 10:51:29.194 [main] INFO  o.a.c.core.AprLifecycleListener [173] - [] - APR capabilities: IPv6 [true], sendfile [true], accept filters [false], random [true]. 
2020-07-24 10:51:29.194 [main] INFO  o.a.c.core.AprLifecycleListener [173] - [] - APR/OpenSSL configuration: useAprConnector [false], useOpenSSL [true] 
2020-07-24 10:51:30.230 [main] INFO  o.a.c.core.AprLifecycleListener [173] - [] - OpenSSL successfully initialized [OpenSSL 1.0.2l  25 May 2017] 
2020-07-24 10:51:30.299 [main] INFO  o.a.c.c.C.[Tomcat].[localhost].[/] [173] - [] - Initializing Spring embedded WebApplicationContext 
2020-07-24 10:51:30.300 [main] INFO  o.s.b.w.s.c.ServletWebServerApplicationContext [285] - [] - Root WebApplicationContext: initialization completed in 1710 ms 
2020-07-24 10:51:30.413 [main] INFO  o.s.s.c.ThreadPoolTaskExecutor [181] - [] - Initializing ExecutorService 'applicationTaskExecutor' 
2020-07-24 10:51:30.521 [main] INFO  o.a.coyote.http11.Http11NioProtocol [173] - [] - Starting ProtocolHandler ["http-nio-8080"] 
2020-07-24 10:51:30.536 [main] INFO  o.s.b.w.e.tomcat.TomcatWebServer [220] - [] - Tomcat started on port(s): 8080 (http) with context path '' 
2020-07-24 10:51:30.544 [main] INFO  c.c.c.b.a.ApolloClientApplication [61] - [] - Started ApolloClientApplication in 3.093 seconds (JVM running for 3.831) 
2020-07-24 10:51:30.548 [main] INFO  o.s.b.a.l.ConditionEvaluationReportLoggingListener [136] - [] - 

Error starting ApplicationContext. To display the conditions report re-run your application with 'debug' enabled. 
2020-07-24 10:51:30.555 [main] ERROR o.s.boot.SpringApplication [837] - [] - Application run failed 
java.lang.IllegalStateException: Failed to execute CommandLineRunner
	at org.springframework.boot.SpringApplication.callRunner(SpringApplication.java:798)
	at org.springframework.boot.SpringApplication.callRunners(SpringApplication.java:779)
	at org.springframework.boot.SpringApplication.run(SpringApplication.java:322)
	at org.springframework.boot.SpringApplication.run(SpringApplication.java:1237)
	at org.springframework.boot.SpringApplication.run(SpringApplication.java:1226)
	at com.cherrishccl.coding.basics.apollo.ApolloClientApplication.main(ApolloClientApplication.java:24)
Caused by: java.lang.IllegalArgumentException: Could not resolve placeholder 'db_name' in value "jdbc:mysql://10.253.130.55:3306/${db_name}?serverTimezone=Asia/Shanghai&characterEncoding=utf8&useUnicode=true&useSSL=false&allowMultiQueries=true"
	at org.springframework.util.PropertyPlaceholderHelper.parseStringValue(PropertyPlaceholderHelper.java:178)
	at org.springframework.util.PropertyPlaceholderHelper.replacePlaceholders(PropertyPlaceholderHelper.java:124)
	at org.springframework.core.env.AbstractPropertyResolver.doResolvePlaceholders(AbstractPropertyResolver.java:239)
	at org.springframework.core.env.AbstractPropertyResolver.resolveRequiredPlaceholders(AbstractPropertyResolver.java:210)
	at org.springframework.core.env.AbstractPropertyResolver.resolveNestedPlaceholders(AbstractPropertyResolver.java:230)
	at org.springframework.core.env.PropertySourcesPropertyResolver.getProperty(PropertySourcesPropertyResolver.java:88)
	at org.springframework.core.env.PropertySourcesPropertyResolver.getProperty(PropertySourcesPropertyResolver.java:62)
	at org.springframework.core.env.AbstractEnvironment.getProperty(AbstractEnvironment.java:535)
	at java.util.stream.Collectors.lambda$toMap$58(Collectors.java:1321)
	at java.util.stream.ReduceOps$3ReducingSink.accept(ReduceOps.java:169)
	at java.util.stream.DistinctOps$1$2.accept(DistinctOps.java:175)
	at java.util.Spliterators$ArraySpliterator.forEachRemaining(Spliterators.java:948)
	at java.util.stream.ReferencePipeline$Head.forEach(ReferencePipeline.java:580)
	at java.util.stream.ReferencePipeline$7$1.accept(ReferencePipeline.java:270)
	at java.util.stream.ReferencePipeline$3$1.accept(ReferencePipeline.java:193)
	at java.util.stream.ReferencePipeline$2$1.accept(ReferencePipeline.java:175)
	at java.util.concurrent.CopyOnWriteArrayList$COWIterator.forEachRemaining(CopyOnWriteArrayList.java:1206)
	at java.util.Spliterators$IteratorSpliterator.forEachRemaining(Spliterators.java:1801)
	at java.util.stream.AbstractPipeline.copyInto(AbstractPipeline.java:481)
	at java.util.stream.AbstractPipeline.wrapAndCopyInto(AbstractPipeline.java:471)
	at java.util.stream.ReduceOps$ReduceOp.evaluateSequential(ReduceOps.java:708)
	at java.util.stream.AbstractPipeline.evaluate(AbstractPipeline.java:234)
	at java.util.stream.ReferencePipeline.collect(ReferencePipeline.java:499)
	at com.cherrishccl.coding.basics.apollo.ApolloClientApplication.run(ApolloClientApplication.java:36)
	at org.springframework.boot.SpringApplication.callRunner(SpringApplication.java:795)
	... 5 common frames omitted
2020-07-24 10:51:30.764 [main] INFO  o.s.s.c.ThreadPoolTaskExecutor [218] - [] - Shutting down ExecutorService 'applicationTaskExecutor' 
